Microsoft (R) Macro Assembler Version 6.14.8444		    05/11/18 17:03:26
task1.asm						     Page 1 - 1


				include console.inc
			      C .NOLIST
			      C .LIST
			      C 
			      C 
			      C ;include masm32.inc
			      C 
			      C    includelib masm32.lib
			      C    includelib user32.lib
			      C    includelib kernel32.lib
			      C    includelib msvcrt.lib
			      C    includelib io_proc.lib
			      C    
			      C 
 00000019			.data
 = 00000006			        N equ 6
				        Date_pack record D:5, M:4, Y:7
 00000019 0000			        D1 Date_pack <>
 0000001B 0000			        D2 Date_pack <>
 0000001D  00000006 [		        Arr_of_Rec Date_pack N dup(<>)
	    0000
	   ] 0000 0000
	   0000 0000 0000
 00000029 44 31 20 3C 20	        truestr db 'D1 < D2 == true', 0
	   44 32 20 3D 3D
	   20 74 72 75 65
	   00
 00000039 44 31 20 3C 20	        falsstr db 'D1 < D2 == false', 0
	   44 32 20 3D 3D
	   20 66 61 6C 73
	   65 00
 00000003			        Date_unpack struc
 00000000  00			            D db ?
 00000001  00			            M db ?
 00000002  00			            Y db ?
				        Date_unpack ends
 0000004A  00000006 [		        Arr_of_Struc Date_unpack N dup(<>)
	    00 00 00
	   ]
 00000000			.code

 00000000			    InRec Proc
 00000000  55			        push EBP
 00000001  8B EC		        mov EBP, ESP
 00000003  50			        push EAX
 00000004  53			        push EBX
 00000005  51			        push ECX
 00000006  52			        push EDX
 00000007  57			        push EDI
 00000008  56			        push ESI

 00000009  8B 5D 08		        mov EBX, dword ptr [EBP + 8];       parameter offset
				        inint DX
 0000001B  B1 0B		        mov CL, D
 0000001D  80 E9 07		        sub CL, M
 00000020  66| D3 E2		        shl DX, CL
				        inint DI
 00000032  66| 03 D7		        add DX, DI
 00000035  B1 07		        mov CL, M
 00000037  66| D3 E2		        shl DX, CL
				        inint DI
 00000049  66| 03 D7		        add DX, DI
 0000004C  66| 89 13		        mov word ptr [EBX], DX

 0000004F  5E			        pop ESI
 00000050  5F			        pop EDI
 00000051  5A			        pop EDX
 00000052  59			        pop ECX
 00000053  5B			        pop EBX
 00000054  58			        pop EAX
 00000055  8B E5		        mov ESP, EBP
 00000057  5D			        pop EBP
 00000058  C2 0004		    ret 4*1
 0000005B			    InRec endp

 0000005B			    Less Proc
 0000005B  55			        push EBP
 0000005C  8B EC		        mov EBP, ESP
 0000005E  53			        push EBX
 0000005F  51			        push ECX
 00000060  52			        push EDX
 00000061  57			        push EDI
 00000062  56			        push ESI

 00000063  32 C0		        xor AL, AL
 00000065  66| 8B 55 0C		        mov DX, word ptr [EBP + 12];      1st var
 00000069  66| 8B 5D 08		        mov BX, word ptr [EBP + 8];       2nd var

 0000006D  66| BF 007F		        mov DI, mask Y
 00000071  66| 23 FA		        and DI, DX
 00000074  66| BE 007F		        mov SI, mask Y
 00000078  66| 23 F3		        and SI, BX
 0000007B  66| 3B FE		        cmp DI, SI
 0000007E  72 2A		        jb @good
 00000080  77 2A		        ja @bad

 00000082  66| BF 0780		        mov DI, mask M
 00000086  66| 23 FA		        and DI, DX
 00000089  66| BE 0780		        mov SI, mask M
 0000008D  66| 23 F3		        and SI, BX
 00000090  66| 3B FE		        cmp DI, SI
 00000093  72 15		        jb @good
 00000095  77 15		        ja @bad

 00000097  66| BF F800		        mov DI, mask D
 0000009B  66| 23 FA		        and DI, DX
 0000009E  66| BE F800		        mov SI, mask D
 000000A2  66| 23 F3		        and SI, BX
 000000A5  66| 3B FE		        cmp DI, SI
 000000A8  73 02		        jnb @bad

 000000AA  FE C0		@good:  inc AL
 000000AC  5E			@bad:   pop ESI
 000000AD  5F			        pop EDI
 000000AE  5A			        pop EDX
 000000AF  59			        pop ECX
 000000B0  5B			        pop EBX
 000000B1  8B E5		        mov ESP, EBP
 000000B3  5D			        pop EBP
 000000B4  C2 0008		    ret 4*2
 000000B7			    Less endp

 000000B7			    Out_Rec Proc
 000000B7  55			        push EBP
 000000B8  8B EC		        mov EBP, ESP
 000000BA  50			        push EAX
 000000BB  53			        push EBX
 000000BC  51			        push ECX
 000000BD  52			        push EDX
 000000BE  57			        push EDI
 000000BF  56			        push ESI

 000000C0  8B 5D 08		        mov EBX, dword ptr [EBP + 8]
 000000C3  66| 8B C3		        mov AX, BX

 000000C6  66| BA F800		        mov DX, mask D
 000000CA  B1 0B		        mov CL, D
 000000CC  66| 23 D0		        and DX, AX
 000000CF  66| D3 EA		        shr DX, CL
				        outword DX
				        outchar '.'

 00000143  66| BA 0780		        mov DX, mask M
 00000147  B1 07		        mov CL, M
 00000149  66| 23 D0		        and DX, AX
 0000014C  66| D3 EA		        shr DX, CL
				        outword DX
				        outchar '.'

 000001C0  66| BA 007F		        mov DX, mask Y
 000001C4  66| 23 D0		        and DX, AX
				        outword DX

 000001DF  5E			        pop ESI
 000001E0  5F			        pop EDI
 000001E1  5A			        pop EDX
 000001E2  59			        pop ECX
 000001E3  5B			        pop EBX
 000001E4  58			        pop EAX
 000001E5  8B E5		        mov ESP, EBP
 000001E7  5D			        pop EBP
 000001E8  C2 0004		    ret 4*1
 000001EB			    Out_Rec endp

 000001EB			    Min_Date Proc
 000001EB  55			        push EBP
 000001EC  8B EC		        mov EBP, ESP
 000001EE  53			        push EBX
 000001EF  51			        push ECX
 000001F0  52			        push EDX
 000001F1  57			        push EDI
 000001F2  56			        push ESI

 000001F3  8B 4D 0C		        mov ECX, dword ptr [EBP + 12];      Array Length
 000001F6  8B 5D 08		        mov EBX, dword ptr [EBP + 8];       Array Offset

 000001F9  66| 8B 13		        mov DX, word ptr [EBX];            Assume 1st elem is the smallest
 000001FC  83 E9 01		        sub ECX, 1

 000001FF  83 F9 00		@cyc:   cmp ECX, 0
 00000202  74 19		        je @cycfin

 00000204  0F B7 FA		        movzx EDI, DX
 00000207  0F B7 34 4B		        movzx ESI, word ptr [EBX][2*ECX]
 0000020B  57			        push EDI
 0000020C  56			        push ESI
 0000020D  E8 FFFFFE49		        call Less
 00000212  3C 01		        cmp AL, 1
 00000214  74 04		        je @nextst
 00000216  66| 8B 14 4B		        mov DX, word ptr [EBX][2*ECX]

 0000021A  49			@nextst:dec ECX
 0000021B  EB E2		        jmp @cyc

 0000021D  66| 8B C2		@cycfin:mov AX, DX
 00000220  5E			        pop ESI
 00000221  5F			        pop EDI
 00000222  5A			        pop EDX
 00000223  59			        pop ECX
 00000224  5B			        pop EBX
 00000225  8B E5		        mov ESP, EBP
 00000227  5D			        pop EBP
 00000228  C2 0008		    ret 4*2
 0000022B			    Min_Date endp

 0000022B			    Rec_To_Struc Proc
 0000022B  55			        push EBP
 0000022C  8B EC		        mov EBP, ESP
 0000022E  50			        push EAX
 0000022F  53			        push EBX
 00000230  51			        push ECX
 00000231  52			        push EDX
 00000232  57			        push EDI
 00000233  56			        push ESI

 00000234  66| 8B 7D 0C		        mov DI, Date_pack ptr [EBP + 12];      packed value, extended to 32-bit
 00000238  8B 75 08		        mov ESI, dword ptr [EBP + 8];       unpacked offset

 0000023B  66| B8 F800		        mov AX, mask D
 0000023F  66| 23 C7		        and AX, DI
 00000242  66| C1 E8 0B		        shr AX, D
				        ;AL(AX) now contains Day values
 00000246  66| BB 0780		        mov BX, mask M
 0000024A  66| 23 DF		        and BX, DI
 0000024D  66| C1 EB 07		        shr BX, M
				        ;BL(BX) now contains Month values
 00000251  66| B9 007F		        mov CX, mask Y
 00000255  66| 23 CF		        and CX, DI
				        ;CL(CX) now contains Year values

 00000258  88 06		        mov (Date_unpack ptr [ESI]).D, AL
 0000025A  88 5E 01		        mov (Date_unpack ptr [ESI]).M, BL
 0000025D  88 4E 02		        mov (Date_unpack ptr [ESI]).Y, CL

 00000260  5E			        pop ESI
 00000261  5F			        pop EDI
 00000262  5A			        pop EDX
 00000263  59			        pop ECX
 00000264  5B			        pop EBX
 00000265  58			        pop EAX
 00000266  8B E5		        mov ESP, EBP
 00000268  5D			        pop EBP
 00000269  C2 0008		    ret 4*2
 0000026C			    Rec_To_Struc endp

 0000026C			    Out_Struc Proc
 0000026C  55			        push EBP
 0000026D  8B EC		        mov EBP, ESP
 0000026F  50			        push EAX
 00000270  53			        push EBX
 00000271  51			        push ECX
 00000272  52			        push EDX
 00000273  57			        push EDI
 00000274  56			        push ESI

 00000275  8B 75 08		        mov ESI, dword ptr [EBP + 8];       data offset

				        outword (Date_unpack ptr [ESI]).D
				        outchar '.'
				        outword (Date_unpack ptr [ESI]).M
				        outchar '.'
				        outwordln (Date_unpack ptr [ESI]).Y

 00000426  5E			        pop ESI
 00000427  5F			        pop EDI
 00000428  5A			        pop EDX
 00000429  59			        pop ECX
 0000042A  5B			        pop EBX
 0000042B  58			        pop EAX
 0000042C  8B E5		        mov ESP, EBP
 0000042E  5D			        pop EBP
 0000042F  C2 0004		    ret 4*1
 00000432			    Out_Struc endp

 00000432			    Ptr_to_Min_Date Proc
 00000432  55			        push EBP
 00000433  8B EC		        mov EBP, ESP
 00000435  53			        push EBX
 00000436  51			        push ECX
 00000437  52			        push EDX
 00000438  57			        push EDI
 00000439  56			        push ESI

 0000043A  8B 4D 0C		        mov ECX, dword ptr [EBP + 12];      Array Length
 0000043D  8B 5D 08		        mov EBX, dword ptr [EBP + 8];       Array Offset

 00000440  49			        dec ECX
 00000441  0F B7 13		        movzx EDX, word ptr [EBX];            Assume first elem is the smallest
 00000444  8D 3B		        lea EDI, [EBX]

 00000446  83 F9 00		@cyc:   cmp ECX, 0
 00000449  74 19		        je @cycfin

 0000044B  0F B7 34 4B		        movzx ESI, word ptr [EBX][2*ECX]
 0000044F  52			        push EDX
 00000450  56			        push ESI
 00000451  E8 FFFFFC05		        call Less
 00000456  3C 01		        cmp AL, 1
 00000458  74 07		        je @nextst
 0000045A  0F B7 14 4B		        movzx EDX, word ptr [EBX][2*ECX]
 0000045E  8D 3C 4B		        lea EDI, [EBX][2*ECX]

 00000461  49			@nextst:dec ECX
 00000462  EB E2		        jmp @cyc

 00000464  8B C7		@cycfin:mov EAX, EDI
 00000466  5E			        pop ESI
 00000467  5F			        pop EDI
 00000468  5A			        pop EDX
 00000469  59			        pop ECX
 0000046A  5B			        pop EBX
 0000046B  8B E5		        mov ESP, EBP
 0000046D  5D			        pop EBP
 0000046E  C2 0008		    ret 4*2
 00000471			    Ptr_to_Min_Date endp

 00000471			    Sort Proc
 00000471  55			        push EBP
 00000472  8B EC		        mov EBP, ESP
 00000474  50			        push EAX
 00000475  53			        push EBX
 00000476  51			        push ECX
 00000477  52			        push EDX
 00000478  57			        push EDI
 00000479  56			        push ESI

 0000047A  8B 4D 0C		        mov ECX, dword ptr [EBP + 12];      Array Length
 0000047D  8B 5D 08		        mov EBX, dword ptr [EBP + 8];       Array Offset

 00000480  33 FF		        xor EDI, EDI;                       Cycle Counter

 00000482  3B F9		@cyc:   cmp EDI, ECX
 00000484  74 1F		        je @fin
 00000486  8D 34 7B		        lea ESI, [EBX][2*EDI]
 00000489  8B D1		        mov EDX, ECX
 0000048B  2B D7		        sub EDX, EDI
 0000048D  52			        push EDX
 0000048E  56			        push ESI
 0000048F  E8 FFFFFF9E		        call Ptr_to_Min_Date
 00000494  66| 8B 14 7B		        mov DX, word ptr [EBX][2*EDI]
 00000498  66| 8B 30		        mov SI, word ptr [EAX]
 0000049B  66| 89 10		        mov word ptr [EAX], DX
 0000049E  66| 89 34 7B		        mov word ptr [EBX][2*EDI], SI
 000004A2  47			        inc EDI
 000004A3  EB DD		        jmp @cyc


 000004A5  5E			@fin:   pop ESI
 000004A6  5F			        pop EDI
 000004A7  5A			        pop EDX
 000004A8  59			        pop ECX
 000004A9  5B			        pop EBX
 000004AA  58			        pop EAX
 000004AB  8B E5		        mov ESP, EBP
 000004AD  5D			        pop EBP
 000004AE  C2 0008		    ret 4*2
 000004B1			    Sort endp


 000004B1			    Start:
				        ConsoleTitle 'Zvonov Andrey, 110 group, task1'
				        outstrln 'All stages completed'
				        outstrln 'Enter 1st date: '
 000006AE  68 00000019 R	        push offset D1
 000006B3  E8 FFFFF948		        call InRec
				        outstrln 'Enter 2nd date: '
 0000079D  68 0000001B R	        push offset D2
 000007A2  E8 FFFFF859		        call InRec
				        newline
 00000859  0F B7 1D		        movzx EBX, D1
	   00000019 R
 00000860  0F B7 15		        movzx EDX, D2
	   0000001B R
 00000867  53			        push EBX
 00000868  52			        push EDX
 00000869  E8 FFFFF7ED		        call Less
 0000086E  BF 00000029 R	        mov EDI, offset truestr
 00000873  3C 00		        cmp AL, 0
 00000875  75 05		        jne chkd
 00000877  BF 00000039 R	        mov EDI, offset falsstr
 0000087C			chkd:   outstrln EDI
				        newline
 00000A2D  53			        push EBX
 00000A2E  E8 FFFFF684		        call Out_Rec
 00000A33  52			        push EDX
				        newline
 00000AE6  E8 FFFFF5CC		        call Out_Rec
				        newline

				        outstrln 'Enter 6 dates: '
 00000C82  33 C9		        xor ECX, ECX
 00000C84  83 F9 06		incyc:  cmp ECX, N
 00000C87  74 10		        je infin
 00000C89  8D 3C 4D		        lea EDI, word ptr Arr_of_Rec[2*ECX]
	   0000001D R
 00000C90  57			        push EDI
 00000C91  E8 FFFFF36A		        call InRec
 00000C96  41			        inc ECX
 00000C97  EB EB		        jmp incyc

 00000C99			infin:  newline
 00000D4B  33 C9		        xor ECX, ECX
				        outstrln 'Printing the Records'
 00000E32  83 F9 06		outcyc: cmp ECX, N
 00000E35  0F 84 000000CB	        je outfin
 00000E3B  8D 3C 4D		        lea EDI, word ptr Arr_of_Rec[2*ECX]
	   0000001D R
 00000E42  66| 8B 3F		        mov DI, word ptr [EDI]
 00000E45  0F B7 FF		        movzx EDI, DI
 00000E48  57			        push EDI
 00000E49  E8 FFFFF269		        call Out_Rec
				        newline
 00000F00  41			        inc ECX
 00000F01  E9 FFFFFF2C		        jmp outcyc

 00000F06			outfin: newline

 00000FB8  32 C0		        xor AL, AL
 00000FBA  B9 00000001		        mov ECX, 1
 00000FBF  83 F9 06		cmpcyc: cmp ECX, N
 00000FC2  74 2C		        je cmpfin
 00000FC4  8D 3C 4D		        lea EDI, word ptr Arr_of_Rec[2*ECX - type Date_pack]
	   0000001B R
 00000FCB  66| 8B 3F		        mov DI, word ptr [EDI]
 00000FCE  0F B7 FF		        movzx EDI, DI
 00000FD1  57			        push EDI
 00000FD2  8D 34 4D		        lea ESI, word ptr Arr_of_Rec[2*ECX]
	   0000001D R
 00000FD9  66| 8B 36		        mov SI, word ptr [ESI]
 00000FDC  0F B7 F6		        movzx ESI, SI
 00000FDF  56			        push ESI
 00000FE0  E8 FFFFF076		        call Less
 00000FE5  3C 00		        cmp AL, 0
 00000FE7  0F 84 000000ED	        je ns
 00000FED  41			        inc ECX
 00000FEE  EB CF		        jmp cmpcyc

 00000FF0			cmpfin: outstrln 'Sorted, converting to structure'
 000010D5  E9 00000296		        jmp step4
 000010DA			ns:     outstrln 'Unsorted, finding minimum'
				        newline
 00001271  6A 06		        push N
 00001273  68 0000001D R	        push offset Arr_of_Rec
 00001278  E8 FFFFEF6E		        call Min_Date
 0000127D  0F B7 C0		        movzx EAX, AX
				        outstr 'Minimum found: '
 000012B3  50			        push EAX
 000012B4  E8 FFFFEDFE		        call Out_Rec
				        newline
 0000136B  E9 0000011C		        jmp stg5;           terminate


 00001370  33 C9		step4:  xor ECX, ECX
 00001372  83 F9 06		cyc4:   cmp ECX, N
 00001375  74 19		        je cyc4fin
 00001377  0F B7 04 4D		        movzx EAX, Arr_of_Rec[2*ECX]
	   0000001D R
 0000137F  50			        push EAX
 00001380  8D 84 49		        lea EAX, Arr_of_Struc[ECX][2*ECX]
	   0000004A R
 00001387  50			        push EAX
 00001388  E8 FFFFEE9E		        call Rec_To_Struc
 0000138D  41			        inc ECX
 0000138E  EB E2		        jmp cyc4

 00001390  33 C9		cyc4fin:xor ECX, ECX
				        outstrln 'Printing the structure: '

 00001477  83 F9 06		strou:  cmp ECX, N
 0000147A  74 10		        je stg5
 0000147C  8D 84 49		        lea EAX, Arr_of_Struc[ECX][2*ECX]
	   0000004A R
 00001483  50			        push EAX
 00001484  E8 FFFFEDE3		        call Out_Struc
 00001489  41			        inc ECX
 0000148A  EB EB		        jmp strou

 0000148C  6A 06		stg5:   push N
 0000148E  68 0000001D R	        push offset Arr_of_Rec
				        ;call Ptr_to_Min_Date
				        ;movzx EAX, word ptr [EAX]
				        ;push EAX
				        ;call Out_Rec
 00001493  E8 FFFFEFD9		        call Sort
				        newline

 0000154A  33 C9		        xor ECX, ECX
				        outstrln 'Printing the sorted array: '
 00001631  83 F9 06		oucyc: cmp ECX, N
 00001634  0F 84 000000CB	        je oufin
 0000163A  8D 3C 4D		        lea EDI, word ptr Arr_of_Rec[2*ECX]
	   0000001D R
 00001641  66| 8B 3F		        mov DI, word ptr [EDI]
 00001644  0F B7 FF		        movzx EDI, DI
 00001647  57			        push EDI
 00001648  E8 FFFFEA6A		        call Out_Rec
				        newline
 000016FF  41			        inc ECX
 00001700  E9 FFFFFF2C		        jmp oucyc

 00001705			oufin: newline

 000017B7			term:   newline
				        pause 'Press any key to terminate'


				    exit
				    end Start
Microsoft (R) Macro Assembler Version 6.14.8444		    05/11/18 17:03:26
task1.asm						     Symbols 2 - 1




Macros:

                N a m e                 Type

??CheckStrToBuf  . . . . . . . .	Proc
??RestoreReg . . . . . . . . . .	Proc
??SaveReg  . . . . . . . . . . .	Proc
@inchar  . . . . . . . . . . . .	Func
@inintln . . . . . . . . . . . .	Func
@inint . . . . . . . . . . . . .	Func
@readkey . . . . . . . . . . . .	Func
ChagePageAttr  . . . . . . . . .	Proc
ClrScr . . . . . . . . . . . . .	Proc
ConsoleMode  . . . . . . . . . .	Proc
ConsoleTitle . . . . . . . . . .	Proc
DOS  . . . . . . . . . . . . . .	Func
DownloadFile . . . . . . . . . .	Proc
GetConsoleTitle  . . . . . . . .	Proc
HeapBlockSize  . . . . . . . . .	Proc
InputStr . . . . . . . . . . . .	Proc
MsgBox . . . . . . . . . . . . .	Proc
NewConsole . . . . . . . . . . .	Proc
OpenFile . . . . . . . . . . . .	Proc
OutFlafs . . . . . . . . . . . .	Proc
RunExe . . . . . . . . . . . . .	Proc
SetScreenSize  . . . . . . . . .	Proc
SetTextAttr  . . . . . . . . . .	Proc
TotalHeapAllocated . . . . . . .	Proc
WhereX . . . . . . . . . . . . .	Proc
WhereY . . . . . . . . . . . . .	Proc
dispose  . . . . . . . . . . . .	Proc
exit . . . . . . . . . . . . . .	Proc
flush  . . . . . . . . . . . . .	Proc
gotoXY . . . . . . . . . . . . .	Proc
inchar . . . . . . . . . . . . .	Proc
inintln  . . . . . . . . . . . .	Proc
inint  . . . . . . . . . . . . .	Proc
newline  . . . . . . . . . . . .	Proc
new  . . . . . . . . . . . . . .	Proc
outcharln  . . . . . . . . . . .	Proc
outchar  . . . . . . . . . . . .	Proc
outdateln  . . . . . . . . . . .	Proc
outdate  . . . . . . . . . . . .	Proc
outintln . . . . . . . . . . . .	Proc
outint . . . . . . . . . . . . .	Proc
outnumln . . . . . . . . . . . .	Proc
outnum . . . . . . . . . . . . .	Proc
outstrln . . . . . . . . . . . .	Proc
outstr . . . . . . . . . . . . .	Proc
outtimeln  . . . . . . . . . . .	Proc
outtime  . . . . . . . . . . . .	Proc
outwordln  . . . . . . . . . . .	Proc
outword  . . . . . . . . . . . .	Proc
pause  . . . . . . . . . . . . .	Proc
readkey  . . . . . . . . . . . .	Proc


Structures and Unions:

                N a m e                  Size
                                         Offset      Type

CONSOLE_SCREEN_BUFFER_INFO . . .	 00000016
  dwSize . . . . . . . . . . . .	 00000000	 DWord
  dwCursorPosition . . . . . . .	 00000004	 DWord
  wAttributes  . . . . . . . . .	 00000008	 Word
  srWindow . . . . . . . . . . .	 0000000A	 QWord
  dwMaximumWindowSize  . . . . .	 00000012	 DWord
COORD  . . . . . . . . . . . . .	 00000004
  x  . . . . . . . . . . . . . .	 00000000	 Word
  y  . . . . . . . . . . . . . .	 00000002	 Word
Date_unpack  . . . . . . . . . .	 00000003
  D  . . . . . . . . . . . . . .	 00000000	 Byte
  M  . . . . . . . . . . . . . .	 00000001	 Byte
  Y  . . . . . . . . . . . . . .	 00000002	 Byte
SMALL_RECT . . . . . . . . . . .	 00000008
  Left . . . . . . . . . . . . .	 00000000	 Word
  Top  . . . . . . . . . . . . .	 00000002	 Word
  Right  . . . . . . . . . . . .	 00000004	 Word
  Bottom . . . . . . . . . . . .	 00000006	 Word
SystemTime . . . . . . . . . . .	 00000010
  wYear  . . . . . . . . . . . .	 00000000	 Word
  wMonth . . . . . . . . . . . .	 00000002	 Word
  wDayOfWeek . . . . . . . . . .	 00000004	 Word
  wDay . . . . . . . . . . . . .	 00000006	 Word
  wHour  . . . . . . . . . . . .	 00000008	 Word
  wMinute  . . . . . . . . . . .	 0000000A	 Word
  wSecond  . . . . . . . . . . .	 0000000C	 Word
  wMilliseconds  . . . . . . . .	 0000000E	 Word


Records:

                N a m e                  Width     # fields
                                         Shift     Width     Mask      Initial

Date_pack  . . . . . . . . . . .	 00000010      00000003
  D  . . . . . . . . . . . . . .	 0000000B      00000005	     F800     ?
  M  . . . . . . . . . . . . . .	 00000007      00000004	     0780     ?
  Y  . . . . . . . . . . . . . .	 00000000      00000007	     007F     ?


Types:

                N a m e                  Size     Attr

c_msvcrt . . . . . . . . . . . .	 00000004     CODE 


Segments and Groups:

                N a m e                 Size     Length   Align   Combine Class

FLAT . . . . . . . . . . . . . .	GROUP
STACK  . . . . . . . . . . . . .	32 Bit	 00001000 Para	  Stack	  'STACK'	 
_DATA  . . . . . . . . . . . . .	32 Bit	 00002D37 Para	  Public  'DATA'	
_TEXT  . . . . . . . . . . . . .	32 Bit	 00001961 Para	  Public  'CODE'	


Procedures,  parameters and locals:

                N a m e                 Type     Value    Attr

CharToOemA . . . . . . . . . . .	P Near	 00000000 FLAT	Length= 00000000 External STDCALL
ClearScreen  . . . . . . . . . .	P Near	 00000000 FLAT	Length= 00000000 External STDCALL
CloseHandle  . . . . . . . . . .	P Near	 00000000 FLAT	Length= 00000000 External STDCALL
CreateFileA  . . . . . . . . . .	P Near	 00000000 FLAT	Length= 00000000 External STDCALL
ExitProcess  . . . . . . . . . .	P Near	 00000000 FLAT	Length= 00000000 External STDCALL
GetCommandLineA  . . . . . . . .	P Near	 00000000 FLAT	Length= 00000000 External STDCALL
GetConsoleScreenBufferInfo . . .	P Near	 00000000 FLAT	Length= 00000000 External STDCALL
GetConsoleTitleA . . . . . . . .	P Near	 00000000 FLAT	Length= 00000000 External STDCALL
GetModuleHandleA . . . . . . . .	P Near	 00000000 FLAT	Length= 00000000 External STDCALL
GetStdHandle . . . . . . . . . .	P Near	 00000000 FLAT	Length= 00000000 External STDCALL
GetSystemMetrics . . . . . . . .	P Near	 00000000 FLAT	Length= 00000000 External STDCALL
GetSystemTime  . . . . . . . . .	P Near	 00000000 FLAT	Length= 00000000 External STDCALL
GlobalAlloc  . . . . . . . . . .	P Near	 00000000 FLAT	Length= 00000000 External STDCALL
GlobalFree . . . . . . . . . . .	P Near	 00000000 FLAT	Length= 00000000 External STDCALL
GlobalSize . . . . . . . . . . .	P Near	 00000000 FLAT	Length= 00000000 External STDCALL
InRec  . . . . . . . . . . . . .	P Near	 00000000 _TEXT	Length= 0000005B Public STDCALL
InternetGetConnectedState  . . .	P Near	 00000000 FLAT	Length= 00000000 External STDCALL
Less . . . . . . . . . . . . . .	P Near	 0000005B _TEXT	Length= 0000005C Public STDCALL
  @good  . . . . . . . . . . . .	L Near	 000000AA _TEXT	
  @bad . . . . . . . . . . . . .	L Near	 000000AC _TEXT	
MessageBoxA  . . . . . . . . . .	P Near	 00000000 FLAT	Length= 00000000 External STDCALL
MessageBoxIndirectA  . . . . . .	P Near	 00000000 FLAT	Length= 00000000 External STDCALL
Min_Date . . . . . . . . . . . .	P Near	 000001EB _TEXT	Length= 00000040 Public STDCALL
  @cyc . . . . . . . . . . . . .	L Near	 000001FF _TEXT	
  @nextst  . . . . . . . . . . .	L Near	 0000021A _TEXT	
  @cycfin  . . . . . . . . . . .	L Near	 0000021D _TEXT	
Out_Rec  . . . . . . . . . . . .	P Near	 000000B7 _TEXT	Length= 00000134 Public STDCALL
  ??0016 . . . . . . . . . . . .	L Near	 00000104 _TEXT	
  ??0017 . . . . . . . . . . . .	L Near	 0000013A _TEXT	
  ??0028 . . . . . . . . . . . .	L Near	 00000181 _TEXT	
  ??0029 . . . . . . . . . . . .	L Near	 000001B7 _TEXT	
Out_Struc  . . . . . . . . . . .	P Near	 0000026C _TEXT	Length= 000001C6 Public STDCALL
  ??0044 . . . . . . . . . . . .	L Near	 000002AA _TEXT	
  ??0045 . . . . . . . . . . . .	L Near	 000002E0 _TEXT	
  ??0056 . . . . . . . . . . . .	L Near	 0000031C _TEXT	
  ??0057 . . . . . . . . . . . .	L Near	 00000352 _TEXT	
  ??0068 . . . . . . . . . . . .	L Near	 0000038E _TEXT	
  ??0069 . . . . . . . . . . . .	L Near	 000003C4 _TEXT	
  ??0070 . . . . . . . . . . . .	L Near	 000003E7 _TEXT	
  ??0071 . . . . . . . . . . . .	L Near	 0000041D _TEXT	
Ptr_to_Min_Date  . . . . . . . .	P Near	 00000432 _TEXT	Length= 0000003F Public STDCALL
  @cyc . . . . . . . . . . . . .	L Near	 00000446 _TEXT	
  @nextst  . . . . . . . . . . .	L Near	 00000461 _TEXT	
  @cycfin  . . . . . . . . . . .	L Near	 00000464 _TEXT	
Rec_To_Struc . . . . . . . . . .	P Near	 0000022B _TEXT	Length= 00000041 Public STDCALL
SetConsoleCursorPosition . . . .	P Near	 00000000 FLAT	Length= 00000000 External STDCALL
SetConsoleScreenBufferSize . . .	P Near	 00000000 FLAT	Length= 00000000 External STDCALL
SetConsoleTextAttribute  . . . .	P Near	 00000000 FLAT	Length= 00000000 External STDCALL
SetConsoleTitleA . . . . . . . .	P Near	 00000000 FLAT	Length= 00000000 External STDCALL
Sort . . . . . . . . . . . . . .	P Near	 00000471 _TEXT	Length= 00000040 Public STDCALL
  @cyc . . . . . . . . . . . . .	L Near	 00000482 _TEXT	
  @fin . . . . . . . . . . . . .	L Near	 000004A5 _TEXT	
StdIn  . . . . . . . . . . . . .	P Near	 00000000 FLAT	Length= 00000000 External STDCALL
StdOut . . . . . . . . . . . . .	P Near	 00000000 FLAT	Length= 00000000 External STDCALL
URLDownloadToFileA . . . . . . .	P Near	 00000000 FLAT	Length= 00000000 External STDCALL
VirtualProtect . . . . . . . . .	P Near	 00000000 FLAT	Length= 00000000 External STDCALL
shell_ex . . . . . . . . . . . .	P Near	 00000000 FLAT	Length= 00000000 External STDCALL
shell  . . . . . . . . . . . . .	P Near	 00000000 FLAT	Length= 00000000 External STDCALL
wait_key . . . . . . . . . . . .	P Near	 00000000 FLAT	Length= 00000000 External STDCALL


Symbols:

                N a m e                 Type     Value    Attr

??0000 . . . . . . . . . . . . .	Number	 00000002h   
??0001 . . . . . . . . . . . . .	DWord	 0000005C _DATA	
??0002 . . . . . . . . . . . . .	Number	 00000002h   
??0003 . . . . . . . . . . . . .	DWord	 00000060 _DATA	
??0004 . . . . . . . . . . . . .	Number	 00000002h   
??0005 . . . . . . . . . . . . .	DWord	 00000064 _DATA	
??0006 . . . . . . . . . . . . .	Number	 00000000h   
??0007 . . . . . . . . . . . . .	Byte	 00000068 _DATA	
??000F . . . . . . . . . . . . .	Number	 00000002h   
??0010 . . . . . . . . . . . . .	Number	 00000000h   
??0011 . . . . . . . . . . . . .	Byte	 0000006B _DATA	
??0013 . . . . . . . . . . . . .	Byte	 0000006E _DATA	
??0014 . . . . . . . . . . . . .	Text   	 o
??0015 . . . . . . . . . . . . .	Byte	 0000006D _DATA	
??0018 . . . . . . . . . . . . .	Number	 00000000h   
??0019 . . . . . . . . . . . . .	Byte	 00000136 _DATA	
??0021 . . . . . . . . . . . . .	Number	 00000002h   
??0022 . . . . . . . . . . . . .	Number	 00000000h   
??0023 . . . . . . . . . . . . .	Byte	 00000139 _DATA	
??0025 . . . . . . . . . . . . .	Byte	 0000013C _DATA	
??0026 . . . . . . . . . . . . .	Text   	 o
??0027 . . . . . . . . . . . . .	Byte	 0000013B _DATA	
??002A . . . . . . . . . . . . .	Number	 00000000h   
??002B . . . . . . . . . . . . .	Byte	 00000204 _DATA	
??0033 . . . . . . . . . . . . .	Number	 00000002h   
??0034 . . . . . . . . . . . . .	Number	 00000000h   
??0035 . . . . . . . . . . . . .	Byte	 00000207 _DATA	
??003D . . . . . . . . . . . . .	Number	 00000001h   
??003E . . . . . . . . . . . . .	Number	 00000000h   
??003F . . . . . . . . . . . . .	Byte	 0000020A _DATA	
??0041 . . . . . . . . . . . . .	Byte	 0000020D _DATA	
??0042 . . . . . . . . . . . . .	Text   	 o
??0043 . . . . . . . . . . . . .	Byte	 0000020C _DATA	
??0046 . . . . . . . . . . . . .	Number	 00000000h   
??0047 . . . . . . . . . . . . .	Byte	 000002D5 _DATA	
??004F . . . . . . . . . . . . .	Number	 00000001h   
??0050 . . . . . . . . . . . . .	Number	 00000000h   
??0051 . . . . . . . . . . . . .	Byte	 000002D8 _DATA	
??0053 . . . . . . . . . . . . .	Byte	 000002DB _DATA	
??0054 . . . . . . . . . . . . .	Text   	 o
??0055 . . . . . . . . . . . . .	Byte	 000002DA _DATA	
??0058 . . . . . . . . . . . . .	Number	 00000000h   
??0059 . . . . . . . . . . . . .	Byte	 000003A3 _DATA	
??0061 . . . . . . . . . . . . .	Number	 00000001h   
??0062 . . . . . . . . . . . . .	Number	 00000000h   
??0063 . . . . . . . . . . . . .	Byte	 000003A6 _DATA	
??0065 . . . . . . . . . . . . .	Byte	 000003A9 _DATA	
??0066 . . . . . . . . . . . . .	Text   	 o
??0067 . . . . . . . . . . . . .	Byte	 000003A8 _DATA	
??006A . . . . . . . . . . . . .	Number	 00000000h   
??006B . . . . . . . . . . . . .	Byte	 00000471 _DATA	
??006D . . . . . . . . . . . . .	Byte	 00000474 _DATA	
??006E . . . . . . . . . . . . .	Text   	 o
??006F . . . . . . . . . . . . .	Byte	 00000473 _DATA	
??0072 . . . . . . . . . . . . .	Byte	 0000053D _DATA	
??0073 . . . . . . . . . . . . .	Text   	 "
??0074 . . . . . . . . . . . . .	Byte	 0000053C _DATA	
??0076 . . . . . . . . . . . . .	L Near	 000004DB _TEXT	
??0077 . . . . . . . . . . . . .	Byte	 0000055E _DATA	
??0078 . . . . . . . . . . . . .	Text   	 "
??0079 . . . . . . . . . . . . .	Byte	 0000055D _DATA	
??007B . . . . . . . . . . . . .	L Near	 0000050E _TEXT	
??007C . . . . . . . . . . . . .	Number	 00000000h   
??007D . . . . . . . . . . . . .	Byte	 00000573 _DATA	
??007F . . . . . . . . . . . . .	Byte	 00000576 _DATA	
??0080 . . . . . . . . . . . . .	Text   	 o
??0081 . . . . . . . . . . . . .	Byte	 00000575 _DATA	
??0082 . . . . . . . . . . . . .	L Near	 00000531 _TEXT	
??0083 . . . . . . . . . . . . .	L Near	 00000567 _TEXT	
??0084 . . . . . . . . . . . . .	Number	 00000000h   
??0085 . . . . . . . . . . . . .	Byte	 0000063E _DATA	
??0087 . . . . . . . . . . . . .	Byte	 00000641 _DATA	
??0088 . . . . . . . . . . . . .	Text   	 o
??0089 . . . . . . . . . . . . .	Byte	 00000640 _DATA	
??008A . . . . . . . . . . . . .	L Near	 0000058A _TEXT	
??008B . . . . . . . . . . . . .	L Near	 000005C0 _TEXT	
??008C . . . . . . . . . . . . .	Byte	 0000070A _DATA	
??008D . . . . . . . . . . . . .	Text   	 "
??008E . . . . . . . . . . . . .	Byte	 00000709 _DATA	
??0090 . . . . . . . . . . . . .	L Near	 000005F3 _TEXT	
??0091 . . . . . . . . . . . . .	Number	 00000000h   
??0092 . . . . . . . . . . . . .	Byte	 0000071B _DATA	
??0094 . . . . . . . . . . . . .	Byte	 0000071E _DATA	
??0095 . . . . . . . . . . . . .	Text   	 o
??0096 . . . . . . . . . . . . .	Byte	 0000071D _DATA	
??0097 . . . . . . . . . . . . .	L Near	 00000616 _TEXT	
??0098 . . . . . . . . . . . . .	L Near	 0000064C _TEXT	
??0099 . . . . . . . . . . . . .	Number	 00000000h   
??009A . . . . . . . . . . . . .	Byte	 000007E6 _DATA	
??009C . . . . . . . . . . . . .	Byte	 000007E9 _DATA	
??009D . . . . . . . . . . . . .	Text   	 o
??009E . . . . . . . . . . . . .	Byte	 000007E8 _DATA	
??009F . . . . . . . . . . . . .	L Near	 0000066F _TEXT	
??00A0 . . . . . . . . . . . . .	L Near	 000006A5 _TEXT	
??00A1 . . . . . . . . . . . . .	Byte	 000008B2 _DATA	
??00A2 . . . . . . . . . . . . .	Text   	 "
??00A3 . . . . . . . . . . . . .	Byte	 000008B1 _DATA	
??00A5 . . . . . . . . . . . . .	L Near	 000006E2 _TEXT	
??00A6 . . . . . . . . . . . . .	Number	 00000000h   
??00A7 . . . . . . . . . . . . .	Byte	 000008C3 _DATA	
??00A9 . . . . . . . . . . . . .	Byte	 000008C6 _DATA	
??00AA . . . . . . . . . . . . .	Text   	 o
??00AB . . . . . . . . . . . . .	Byte	 000008C5 _DATA	
??00AC . . . . . . . . . . . . .	L Near	 00000705 _TEXT	
??00AD . . . . . . . . . . . . .	L Near	 0000073B _TEXT	
??00AE . . . . . . . . . . . . .	Number	 00000000h   
??00AF . . . . . . . . . . . . .	Byte	 0000098E _DATA	
??00B1 . . . . . . . . . . . . .	Byte	 00000991 _DATA	
??00B2 . . . . . . . . . . . . .	Text   	 o
??00B3 . . . . . . . . . . . . .	Byte	 00000990 _DATA	
??00B4 . . . . . . . . . . . . .	L Near	 0000075E _TEXT	
??00B5 . . . . . . . . . . . . .	L Near	 00000794 _TEXT	
??00B6 . . . . . . . . . . . . .	Number	 00000000h   
??00B7 . . . . . . . . . . . . .	Byte	 00000A59 _DATA	
??00B9 . . . . . . . . . . . . .	Byte	 00000A5C _DATA	
??00BA . . . . . . . . . . . . .	Text   	 o
??00BB . . . . . . . . . . . . .	Byte	 00000A5B _DATA	
??00BC . . . . . . . . . . . . .	L Near	 000007C1 _TEXT	
??00BD . . . . . . . . . . . . .	L Near	 000007F7 _TEXT	
??00BE . . . . . . . . . . . . .	Number	 00000000h   
??00BF . . . . . . . . . . . . .	Byte	 00000B24 _DATA	
??00C1 . . . . . . . . . . . . .	Byte	 00000B27 _DATA	
??00C2 . . . . . . . . . . . . .	Text   	 o
??00C3 . . . . . . . . . . . . .	Byte	 00000B26 _DATA	
??00C4 . . . . . . . . . . . . .	L Near	 0000081A _TEXT	
??00C5 . . . . . . . . . . . . .	L Near	 00000850 _TEXT	
??00C6 . . . . . . . . . . . . .	Byte	 00000BF0 _DATA	
??00C7 . . . . . . . . . . . . .	Text   	 E
??00C8 . . . . . . . . . . . . .	Byte	 00000BEF _DATA	
??00C9 . . . . . . . . . . . . .	L Near	 0000088A _TEXT	
??00CA . . . . . . . . . . . . .	L Near	 000008C0 _TEXT	
??00CB . . . . . . . . . . . . .	Number	 00000000h   
??00CC . . . . . . . . . . . . .	Byte	 00000CB8 _DATA	
??00CE . . . . . . . . . . . . .	Byte	 00000CBB _DATA	
??00CF . . . . . . . . . . . . .	Text   	 o
??00D0 . . . . . . . . . . . . .	Byte	 00000CBA _DATA	
??00D1 . . . . . . . . . . . . .	L Near	 000008E3 _TEXT	
??00D2 . . . . . . . . . . . . .	L Near	 00000919 _TEXT	
??00D3 . . . . . . . . . . . . .	Number	 00000000h   
??00D4 . . . . . . . . . . . . .	Byte	 00000D83 _DATA	
??00D6 . . . . . . . . . . . . .	Byte	 00000D86 _DATA	
??00D7 . . . . . . . . . . . . .	Text   	 o
??00D8 . . . . . . . . . . . . .	Byte	 00000D85 _DATA	
??00D9 . . . . . . . . . . . . .	L Near	 0000093C _TEXT	
??00DA . . . . . . . . . . . . .	L Near	 00000972 _TEXT	
??00DB . . . . . . . . . . . . .	Number	 00000000h   
??00DC . . . . . . . . . . . . .	Byte	 00000E4E _DATA	
??00DE . . . . . . . . . . . . .	Byte	 00000E51 _DATA	
??00DF . . . . . . . . . . . . .	Text   	 o
??00E0 . . . . . . . . . . . . .	Byte	 00000E50 _DATA	
??00E1 . . . . . . . . . . . . .	L Near	 00000995 _TEXT	
??00E2 . . . . . . . . . . . . .	L Near	 000009CB _TEXT	
??00E3 . . . . . . . . . . . . .	Number	 00000000h   
??00E4 . . . . . . . . . . . . .	Byte	 00000F19 _DATA	
??00E6 . . . . . . . . . . . . .	Byte	 00000F1C _DATA	
??00E7 . . . . . . . . . . . . .	Text   	 o
??00E8 . . . . . . . . . . . . .	Byte	 00000F1B _DATA	
??00E9 . . . . . . . . . . . . .	L Near	 000009EE _TEXT	
??00EA . . . . . . . . . . . . .	L Near	 00000A24 _TEXT	
??00EB . . . . . . . . . . . . .	Number	 00000000h   
??00EC . . . . . . . . . . . . .	Byte	 00000FE4 _DATA	
??00EE . . . . . . . . . . . . .	Byte	 00000FE7 _DATA	
??00EF . . . . . . . . . . . . .	Text   	 o
??00F0 . . . . . . . . . . . . .	Byte	 00000FE6 _DATA	
??00F1 . . . . . . . . . . . . .	L Near	 00000A4E _TEXT	
??00F2 . . . . . . . . . . . . .	L Near	 00000A84 _TEXT	
??00F3 . . . . . . . . . . . . .	Number	 00000000h   
??00F4 . . . . . . . . . . . . .	Byte	 000010AF _DATA	
??00F6 . . . . . . . . . . . . .	Byte	 000010B2 _DATA	
??00F7 . . . . . . . . . . . . .	Text   	 o
??00F8 . . . . . . . . . . . . .	Byte	 000010B1 _DATA	
??00F9 . . . . . . . . . . . . .	L Near	 00000AA7 _TEXT	
??00FA . . . . . . . . . . . . .	L Near	 00000ADD _TEXT	
??00FB . . . . . . . . . . . . .	Number	 00000000h   
??00FC . . . . . . . . . . . . .	Byte	 0000117A _DATA	
??00FE . . . . . . . . . . . . .	Byte	 0000117D _DATA	
??00FF . . . . . . . . . . . . .	Text   	 o
??0100 . . . . . . . . . . . . .	Byte	 0000117C _DATA	
??0101 . . . . . . . . . . . . .	L Near	 00000B05 _TEXT	
??0102 . . . . . . . . . . . . .	L Near	 00000B3B _TEXT	
??0103 . . . . . . . . . . . . .	Number	 00000000h   
??0104 . . . . . . . . . . . . .	Byte	 00001245 _DATA	
??0106 . . . . . . . . . . . . .	Byte	 00001248 _DATA	
??0107 . . . . . . . . . . . . .	Text   	 o
??0108 . . . . . . . . . . . . .	Byte	 00001247 _DATA	
??0109 . . . . . . . . . . . . .	L Near	 00000B5E _TEXT	
??010A . . . . . . . . . . . . .	L Near	 00000B94 _TEXT	
??010B . . . . . . . . . . . . .	Byte	 00001311 _DATA	
??010C . . . . . . . . . . . . .	Text   	 "
??010D . . . . . . . . . . . . .	Byte	 00001310 _DATA	
??010F . . . . . . . . . . . . .	L Near	 00000BC7 _TEXT	
??0110 . . . . . . . . . . . . .	Number	 00000000h   
??0111 . . . . . . . . . . . . .	Byte	 00001321 _DATA	
??0113 . . . . . . . . . . . . .	Byte	 00001324 _DATA	
??0114 . . . . . . . . . . . . .	Text   	 o
??0115 . . . . . . . . . . . . .	Byte	 00001323 _DATA	
??0116 . . . . . . . . . . . . .	L Near	 00000BEA _TEXT	
??0117 . . . . . . . . . . . . .	L Near	 00000C20 _TEXT	
??0118 . . . . . . . . . . . . .	Number	 00000000h   
??0119 . . . . . . . . . . . . .	Byte	 000013EC _DATA	
??011B . . . . . . . . . . . . .	Byte	 000013EF _DATA	
??011C . . . . . . . . . . . . .	Text   	 o
??011D . . . . . . . . . . . . .	Byte	 000013EE _DATA	
??011E . . . . . . . . . . . . .	L Near	 00000C43 _TEXT	
??011F . . . . . . . . . . . . .	L Near	 00000C79 _TEXT	
??0120 . . . . . . . . . . . . .	Number	 00000000h   
??0121 . . . . . . . . . . . . .	Byte	 000014B7 _DATA	
??0123 . . . . . . . . . . . . .	Byte	 000014BA _DATA	
??0124 . . . . . . . . . . . . .	Text   	 o
??0125 . . . . . . . . . . . . .	Byte	 000014B9 _DATA	
??0126 . . . . . . . . . . . . .	L Near	 00000CB3 _TEXT	
??0127 . . . . . . . . . . . . .	L Near	 00000CE9 _TEXT	
??0128 . . . . . . . . . . . . .	Number	 00000000h   
??0129 . . . . . . . . . . . . .	Byte	 00001582 _DATA	
??012B . . . . . . . . . . . . .	Byte	 00001585 _DATA	
??012C . . . . . . . . . . . . .	Text   	 o
??012D . . . . . . . . . . . . .	Byte	 00001584 _DATA	
??012E . . . . . . . . . . . . .	L Near	 00000D0C _TEXT	
??012F . . . . . . . . . . . . .	L Near	 00000D42 _TEXT	
??0130 . . . . . . . . . . . . .	Byte	 0000164E _DATA	
??0131 . . . . . . . . . . . . .	Text   	 "
??0132 . . . . . . . . . . . . .	Byte	 0000164D _DATA	
??0134 . . . . . . . . . . . . .	L Near	 00000D77 _TEXT	
??0135 . . . . . . . . . . . . .	Number	 00000000h   
??0136 . . . . . . . . . . . . .	Byte	 00001663 _DATA	
??0138 . . . . . . . . . . . . .	Byte	 00001666 _DATA	
??0139 . . . . . . . . . . . . .	Text   	 o
??013A . . . . . . . . . . . . .	Byte	 00001665 _DATA	
??013B . . . . . . . . . . . . .	L Near	 00000D9A _TEXT	
??013C . . . . . . . . . . . . .	L Near	 00000DD0 _TEXT	
??013D . . . . . . . . . . . . .	Number	 00000000h   
??013E . . . . . . . . . . . . .	Byte	 0000172E _DATA	
??0140 . . . . . . . . . . . . .	Byte	 00001731 _DATA	
??0141 . . . . . . . . . . . . .	Text   	 o
??0142 . . . . . . . . . . . . .	Byte	 00001730 _DATA	
??0143 . . . . . . . . . . . . .	L Near	 00000DF3 _TEXT	
??0144 . . . . . . . . . . . . .	L Near	 00000E29 _TEXT	
??0145 . . . . . . . . . . . . .	Number	 00000000h   
??0146 . . . . . . . . . . . . .	Byte	 000017F9 _DATA	
??0148 . . . . . . . . . . . . .	Byte	 000017FC _DATA	
??0149 . . . . . . . . . . . . .	Text   	 o
??014A . . . . . . . . . . . . .	Byte	 000017FB _DATA	
??014B . . . . . . . . . . . . .	L Near	 00000E68 _TEXT	
??014C . . . . . . . . . . . . .	L Near	 00000E9E _TEXT	
??014D . . . . . . . . . . . . .	Number	 00000000h   
??014E . . . . . . . . . . . . .	Byte	 000018C4 _DATA	
??0150 . . . . . . . . . . . . .	Byte	 000018C7 _DATA	
??0151 . . . . . . . . . . . . .	Text   	 o
??0152 . . . . . . . . . . . . .	Byte	 000018C6 _DATA	
??0153 . . . . . . . . . . . . .	L Near	 00000EC1 _TEXT	
??0154 . . . . . . . . . . . . .	L Near	 00000EF7 _TEXT	
??0155 . . . . . . . . . . . . .	Number	 00000000h   
??0156 . . . . . . . . . . . . .	Byte	 0000198F _DATA	
??0158 . . . . . . . . . . . . .	Byte	 00001992 _DATA	
??0159 . . . . . . . . . . . . .	Text   	 o
??015A . . . . . . . . . . . . .	Byte	 00001991 _DATA	
??015B . . . . . . . . . . . . .	L Near	 00000F20 _TEXT	
??015C . . . . . . . . . . . . .	L Near	 00000F56 _TEXT	
??015D . . . . . . . . . . . . .	Number	 00000000h   
??015E . . . . . . . . . . . . .	Byte	 00001A5A _DATA	
??0160 . . . . . . . . . . . . .	Byte	 00001A5D _DATA	
??0161 . . . . . . . . . . . . .	Text   	 o
??0162 . . . . . . . . . . . . .	Byte	 00001A5C _DATA	
??0163 . . . . . . . . . . . . .	L Near	 00000F79 _TEXT	
??0164 . . . . . . . . . . . . .	L Near	 00000FAF _TEXT	
??0165 . . . . . . . . . . . . .	Byte	 00001B26 _DATA	
??0166 . . . . . . . . . . . . .	Text   	 "
??0167 . . . . . . . . . . . . .	Byte	 00001B25 _DATA	
??0169 . . . . . . . . . . . . .	L Near	 0000101A _TEXT	
??016A . . . . . . . . . . . . .	Number	 00000000h   
??016B . . . . . . . . . . . . .	Byte	 00001B46 _DATA	
??016D . . . . . . . . . . . . .	Byte	 00001B49 _DATA	
??016E . . . . . . . . . . . . .	Text   	 o
??016F . . . . . . . . . . . . .	Byte	 00001B48 _DATA	
??0170 . . . . . . . . . . . . .	L Near	 0000103D _TEXT	
??0171 . . . . . . . . . . . . .	L Near	 00001073 _TEXT	
??0172 . . . . . . . . . . . . .	Number	 00000000h   
??0173 . . . . . . . . . . . . .	Byte	 00001C11 _DATA	
??0175 . . . . . . . . . . . . .	Byte	 00001C14 _DATA	
??0176 . . . . . . . . . . . . .	Text   	 o
??0177 . . . . . . . . . . . . .	Byte	 00001C13 _DATA	
??0178 . . . . . . . . . . . . .	L Near	 00001096 _TEXT	
??0179 . . . . . . . . . . . . .	L Near	 000010CC _TEXT	
??017A . . . . . . . . . . . . .	Byte	 00001CDD _DATA	
??017B . . . . . . . . . . . . .	Text   	 "
??017C . . . . . . . . . . . . .	Byte	 00001CDC _DATA	
??017E . . . . . . . . . . . . .	L Near	 00001104 _TEXT	
??017F . . . . . . . . . . . . .	Number	 00000000h   
??0180 . . . . . . . . . . . . .	Byte	 00001CF7 _DATA	
??0182 . . . . . . . . . . . . .	Byte	 00001CFA _DATA	
??0183 . . . . . . . . . . . . .	Text   	 o
??0184 . . . . . . . . . . . . .	Byte	 00001CF9 _DATA	
??0185 . . . . . . . . . . . . .	L Near	 00001127 _TEXT	
??0186 . . . . . . . . . . . . .	L Near	 0000115D _TEXT	
??0187 . . . . . . . . . . . . .	Number	 00000000h   
??0188 . . . . . . . . . . . . .	Byte	 00001DC2 _DATA	
??018A . . . . . . . . . . . . .	Byte	 00001DC5 _DATA	
??018B . . . . . . . . . . . . .	Text   	 o
??018C . . . . . . . . . . . . .	Byte	 00001DC4 _DATA	
??018D . . . . . . . . . . . . .	L Near	 00001180 _TEXT	
??018E . . . . . . . . . . . . .	L Near	 000011B6 _TEXT	
??018F . . . . . . . . . . . . .	Number	 00000000h   
??0190 . . . . . . . . . . . . .	Byte	 00001E8D _DATA	
??0192 . . . . . . . . . . . . .	Byte	 00001E90 _DATA	
??0193 . . . . . . . . . . . . .	Text   	 o
??0194 . . . . . . . . . . . . .	Byte	 00001E8F _DATA	
??0195 . . . . . . . . . . . . .	L Near	 000011D9 _TEXT	
??0196 . . . . . . . . . . . . .	L Near	 0000120F _TEXT	
??0197 . . . . . . . . . . . . .	Number	 00000000h   
??0198 . . . . . . . . . . . . .	Byte	 00001F58 _DATA	
??019A . . . . . . . . . . . . .	Byte	 00001F5B _DATA	
??019B . . . . . . . . . . . . .	Text   	 o
??019C . . . . . . . . . . . . .	Byte	 00001F5A _DATA	
??019D . . . . . . . . . . . . .	L Near	 00001232 _TEXT	
??019E . . . . . . . . . . . . .	L Near	 00001268 _TEXT	
??019F . . . . . . . . . . . . .	Byte	 00002024 _DATA	
??01A0 . . . . . . . . . . . . .	Text   	 "
??01A1 . . . . . . . . . . . . .	Byte	 00002023 _DATA	
??01A3 . . . . . . . . . . . . .	L Near	 000012AA _TEXT	
??01A4 . . . . . . . . . . . . .	Number	 00000000h   
??01A5 . . . . . . . . . . . . .	Byte	 00002034 _DATA	
??01A7 . . . . . . . . . . . . .	Byte	 00002037 _DATA	
??01A8 . . . . . . . . . . . . .	Text   	 o
??01A9 . . . . . . . . . . . . .	Byte	 00002036 _DATA	
??01AA . . . . . . . . . . . . .	L Near	 000012D3 _TEXT	
??01AB . . . . . . . . . . . . .	L Near	 00001309 _TEXT	
??01AC . . . . . . . . . . . . .	Number	 00000000h   
??01AD . . . . . . . . . . . . .	Byte	 000020FF _DATA	
??01AF . . . . . . . . . . . . .	Byte	 00002102 _DATA	
??01B0 . . . . . . . . . . . . .	Text   	 o
??01B1 . . . . . . . . . . . . .	Byte	 00002101 _DATA	
??01B2 . . . . . . . . . . . . .	L Near	 0000132C _TEXT	
??01B3 . . . . . . . . . . . . .	L Near	 00001362 _TEXT	
??01B4 . . . . . . . . . . . . .	Byte	 000021CB _DATA	
??01B5 . . . . . . . . . . . . .	Text   	 "
??01B6 . . . . . . . . . . . . .	Byte	 000021CA _DATA	
??01B8 . . . . . . . . . . . . .	L Near	 000013BC _TEXT	
??01B9 . . . . . . . . . . . . .	Number	 00000000h   
??01BA . . . . . . . . . . . . .	Byte	 000021E4 _DATA	
??01BC . . . . . . . . . . . . .	Byte	 000021E7 _DATA	
??01BD . . . . . . . . . . . . .	Text   	 o
??01BE . . . . . . . . . . . . .	Byte	 000021E6 _DATA	
??01BF . . . . . . . . . . . . .	L Near	 000013DF _TEXT	
??01C0 . . . . . . . . . . . . .	L Near	 00001415 _TEXT	
??01C1 . . . . . . . . . . . . .	Number	 00000000h   
??01C2 . . . . . . . . . . . . .	Byte	 000022AF _DATA	
??01C4 . . . . . . . . . . . . .	Byte	 000022B2 _DATA	
??01C5 . . . . . . . . . . . . .	Text   	 o
??01C6 . . . . . . . . . . . . .	Byte	 000022B1 _DATA	
??01C7 . . . . . . . . . . . . .	L Near	 00001438 _TEXT	
??01C8 . . . . . . . . . . . . .	L Near	 0000146E _TEXT	
??01C9 . . . . . . . . . . . . .	Number	 00000000h   
??01CA . . . . . . . . . . . . .	Byte	 0000237A _DATA	
??01CC . . . . . . . . . . . . .	Byte	 0000237D _DATA	
??01CD . . . . . . . . . . . . .	Text   	 o
??01CE . . . . . . . . . . . . .	Byte	 0000237C _DATA	
??01CF . . . . . . . . . . . . .	L Near	 000014B2 _TEXT	
??01D0 . . . . . . . . . . . . .	L Near	 000014E8 _TEXT	
??01D1 . . . . . . . . . . . . .	Number	 00000000h   
??01D2 . . . . . . . . . . . . .	Byte	 00002445 _DATA	
??01D4 . . . . . . . . . . . . .	Byte	 00002448 _DATA	
??01D5 . . . . . . . . . . . . .	Text   	 o
??01D6 . . . . . . . . . . . . .	Byte	 00002447 _DATA	
??01D7 . . . . . . . . . . . . .	L Near	 0000150B _TEXT	
??01D8 . . . . . . . . . . . . .	L Near	 00001541 _TEXT	
??01D9 . . . . . . . . . . . . .	Byte	 00002511 _DATA	
??01DA . . . . . . . . . . . . .	Text   	 "
??01DB . . . . . . . . . . . . .	Byte	 00002510 _DATA	
??01DD . . . . . . . . . . . . .	L Near	 00001576 _TEXT	
??01DE . . . . . . . . . . . . .	Number	 00000000h   
??01DF . . . . . . . . . . . . .	Byte	 0000252D _DATA	
??01E1 . . . . . . . . . . . . .	Byte	 00002530 _DATA	
??01E2 . . . . . . . . . . . . .	Text   	 o
??01E3 . . . . . . . . . . . . .	Byte	 0000252F _DATA	
??01E4 . . . . . . . . . . . . .	L Near	 00001599 _TEXT	
??01E5 . . . . . . . . . . . . .	L Near	 000015CF _TEXT	
??01E6 . . . . . . . . . . . . .	Number	 00000000h   
??01E7 . . . . . . . . . . . . .	Byte	 000025F8 _DATA	
??01E9 . . . . . . . . . . . . .	Byte	 000025FB _DATA	
??01EA . . . . . . . . . . . . .	Text   	 o
??01EB . . . . . . . . . . . . .	Byte	 000025FA _DATA	
??01EC . . . . . . . . . . . . .	L Near	 000015F2 _TEXT	
??01ED . . . . . . . . . . . . .	L Near	 00001628 _TEXT	
??01EE . . . . . . . . . . . . .	Number	 00000000h   
??01EF . . . . . . . . . . . . .	Byte	 000026C3 _DATA	
??01F1 . . . . . . . . . . . . .	Byte	 000026C6 _DATA	
??01F2 . . . . . . . . . . . . .	Text   	 o
??01F3 . . . . . . . . . . . . .	Byte	 000026C5 _DATA	
??01F4 . . . . . . . . . . . . .	L Near	 00001667 _TEXT	
??01F5 . . . . . . . . . . . . .	L Near	 0000169D _TEXT	
??01F6 . . . . . . . . . . . . .	Number	 00000000h   
??01F7 . . . . . . . . . . . . .	Byte	 0000278E _DATA	
??01F9 . . . . . . . . . . . . .	Byte	 00002791 _DATA	
??01FA . . . . . . . . . . . . .	Text   	 o
??01FB . . . . . . . . . . . . .	Byte	 00002790 _DATA	
??01FC . . . . . . . . . . . . .	L Near	 000016C0 _TEXT	
??01FD . . . . . . . . . . . . .	L Near	 000016F6 _TEXT	
??01FE . . . . . . . . . . . . .	Number	 00000000h   
??01FF . . . . . . . . . . . . .	Byte	 00002859 _DATA	
??0201 . . . . . . . . . . . . .	Byte	 0000285C _DATA	
??0202 . . . . . . . . . . . . .	Text   	 o
??0203 . . . . . . . . . . . . .	Byte	 0000285B _DATA	
??0204 . . . . . . . . . . . . .	L Near	 0000171F _TEXT	
??0205 . . . . . . . . . . . . .	L Near	 00001755 _TEXT	
??0206 . . . . . . . . . . . . .	Number	 00000000h   
??0207 . . . . . . . . . . . . .	Byte	 00002924 _DATA	
??0209 . . . . . . . . . . . . .	Byte	 00002927 _DATA	
??020A . . . . . . . . . . . . .	Text   	 o
??020B . . . . . . . . . . . . .	Byte	 00002926 _DATA	
??020C . . . . . . . . . . . . .	L Near	 00001778 _TEXT	
??020D . . . . . . . . . . . . .	L Near	 000017AE _TEXT	
??020E . . . . . . . . . . . . .	Number	 00000000h   
??020F . . . . . . . . . . . . .	Byte	 000029EF _DATA	
??0211 . . . . . . . . . . . . .	Byte	 000029F2 _DATA	
??0212 . . . . . . . . . . . . .	Text   	 o
??0213 . . . . . . . . . . . . .	Byte	 000029F1 _DATA	
??0214 . . . . . . . . . . . . .	L Near	 000017D1 _TEXT	
??0215 . . . . . . . . . . . . .	L Near	 00001807 _TEXT	
??0216 . . . . . . . . . . . . .	Number	 00000000h   
??0217 . . . . . . . . . . . . .	Byte	 00002ABA _DATA	
??0219 . . . . . . . . . . . . .	Byte	 00002ABD _DATA	
??021A . . . . . . . . . . . . .	Text   	 o
??021B . . . . . . . . . . . . .	Byte	 00002ABC _DATA	
??021C . . . . . . . . . . . . .	L Near	 0000182A _TEXT	
??021D . . . . . . . . . . . . .	L Near	 00001860 _TEXT	
??021E . . . . . . . . . . . . .	Byte	 00002B86 _DATA	
??021F . . . . . . . . . . . . .	Text   	 "
??0220 . . . . . . . . . . . . .	Byte	 00002B85 _DATA	
??0222 . . . . . . . . . . . . .	L Near	 00001893 _TEXT	
??0223 . . . . . . . . . . . . .	Number	 00000000h   
??0224 . . . . . . . . . . . . .	Byte	 00002BA1 _DATA	
??0226 . . . . . . . . . . . . .	Byte	 00002BA4 _DATA	
??0227 . . . . . . . . . . . . .	Text   	 o
??0228 . . . . . . . . . . . . .	Byte	 00002BA3 _DATA	
??0229 . . . . . . . . . . . . .	L Near	 000018C1 _TEXT	
??022A . . . . . . . . . . . . .	L Near	 000018F7 _TEXT	
??022B . . . . . . . . . . . . .	Number	 00000000h   
??022C . . . . . . . . . . . . .	Byte	 00002C6C _DATA	
??022E . . . . . . . . . . . . .	Byte	 00002C6F _DATA	
??022F . . . . . . . . . . . . .	Text   	 o
??0230 . . . . . . . . . . . . .	Byte	 00002C6E _DATA	
??0231 . . . . . . . . . . . . .	L Near	 0000191A _TEXT	
??0232 . . . . . . . . . . . . .	L Near	 00001950 _TEXT	
??CommonHeapElemSize . . . . . .	DWord	 00000004 _DATA	
??ConsoleMode  . . . . . . . . .	Byte	 00000008 _DATA	
??TotalHeapAllocated . . . . . .	DWord	 00000000 _DATA	
??sTime  . . . . . . . . . . . .	SystemTime  00000009 _DATA	
@CodeSize  . . . . . . . . . . .	Number	 00000000h   
@DataSize  . . . . . . . . . . .	Number	 00000000h   
@InChar  . . . . . . . . . . . .	Text   	 @inchar
@InInt . . . . . . . . . . . . .	Text   	 @inint
@Inchar  . . . . . . . . . . . .	Text   	 @inchar
@InintLn . . . . . . . . . . . .	Text   	 @inintln
@Inintln . . . . . . . . . . . .	Text   	 @inintln
@Inint . . . . . . . . . . . . .	Text   	 @inint
@Interface . . . . . . . . . . .	Number	 00000003h   
@Model . . . . . . . . . . . . .	Number	 00000007h   
@ReadKey . . . . . . . . . . . .	Text   	 @readkey
@code  . . . . . . . . . . . . .	Text   	 _TEXT
@data  . . . . . . . . . . . . .	Text   	 FLAT
@fardata?  . . . . . . . . . . .	Text   	 FLAT
@fardata . . . . . . . . . . . .	Text   	 FLAT
@stack . . . . . . . . . . . . .	Text   	 FLAT
AllocConsole@0 . . . . . . . . .	L Near	 00000000 FLAT	External STDCALL
Arr_of_Rec . . . . . . . . . . .	Date_pack  0000001D _DATA	
Arr_of_Struc . . . . . . . . . .	Date_unpack  0000004A _DATA	
Black  . . . . . . . . . . . . .	Number	 00000000h   
Blue . . . . . . . . . . . . . .	Number	 00000001h   
Bright . . . . . . . . . . . . .	Number	 00000008h   
Brown  . . . . . . . . . . . . .	Number	 00000006h   
CREATE_ALWAYS  . . . . . . . . .	Number	 00000002h   
CREATE_NEW . . . . . . . . . . .	Number	 00000001h   
CharToOem  . . . . . . . . . . .	Text   	 CharToOemA
Cls  . . . . . . . . . . . . . .	Text   	 ClrScr
CreateFile . . . . . . . . . . .	Text   	 CreateFileA
Cyan . . . . . . . . . . . . . .	Number	 00000003h   
D1 . . . . . . . . . . . . . . .	Date_pack  00000019 _DATA	
D2 . . . . . . . . . . . . . . .	Date_pack  0000001B _DATA	
DarkGray . . . . . . . . . . . .	Number	 00000008h   
Dispose  . . . . . . . . . . . .	Text   	 dispose
Exit . . . . . . . . . . . . . .	Text   	 exit
FILE_ATTRIBUTE_ARCHIVE . . . . .	Number	 00000020h   
FILE_ATTRIBUTE_COMPRESSED  . . .	Number	 00000800h   
FILE_ATTRIBUTE_DIRECTORY . . . .	Number	 00000010h   
FILE_ATTRIBUTE_HIDDEN  . . . . .	Number	 00000002h   
FILE_ATTRIBUTE_NORMAL  . . . . .	Number	 00000080h   
FILE_ATTRIBUTE_READONLY  . . . .	Number	 00000001h   
FILE_ATTRIBUTE_SYSTEM  . . . . .	Number	 00000004h   
FILE_ATTRIBUTE_TEMPORARY . . . .	Number	 00000100h   
Flush  . . . . . . . . . . . . .	Text   	 flush
FreeConsole@0  . . . . . . . . .	L Near	 00000000 FLAT	External STDCALL
GENERIC_ALL  . . . . . . . . . .	Number	 10000000h   
GENERIC_EXECUTE  . . . . . . . .	Number	 20000000h   
GENERIC_READ . . . . . . . . . .	Number	 -80000000h   
GENERIC_WRITE  . . . . . . . . .	Number	 40000000h   
GMEM_FIXED . . . . . . . . . . .	Number	 00000000h   
GMEM_ZEROINIT  . . . . . . . . .	Number	 00000040h   
GetCommandLine . . . . . . . . .	Text   	 GetCommandLineA
GetModuleHandle  . . . . . . . .	Text   	 GetModuleHandleA
GotoXY . . . . . . . . . . . . .	Text   	 gotoXY
Green  . . . . . . . . . . . . .	Number	 00000002h   
IDABORT  . . . . . . . . . . . .	Number	 00000003h   
IDCANCEL . . . . . . . . . . . .	Number	 00000002h   
IDIGNORE . . . . . . . . . . . .	Number	 00000005h   
IDNO . . . . . . . . . . . . . .	Number	 00000007h   
IDOK . . . . . . . . . . . . . .	Number	 00000001h   
IDRETRY  . . . . . . . . . . . .	Number	 00000004h   
IDYES  . . . . . . . . . . . . .	Number	 00000006h   
InChar . . . . . . . . . . . . .	Text   	 inchar
InInt  . . . . . . . . . . . . .	Text   	 inint
Inchar . . . . . . . . . . . . .	Text   	 inchar
InintLn  . . . . . . . . . . . .	Text   	 inintln
Inintln  . . . . . . . . . . . .	Text   	 inintln
Inint  . . . . . . . . . . . . .	Text   	 inint
LANG_NEUTRAL . . . . . . . . . .	Number	 00000000h   
LightBlue  . . . . . . . . . . .	Number	 00000009h   
LightGray  . . . . . . . . . . .	Number	 00000007h   
LightGreen . . . . . . . . . . .	Number	 0000000Ah   
LightMagenta . . . . . . . . . .	Number	 0000000Dh   
LightRed . . . . . . . . . . . .	Number	 0000000Ch   
MB_ABORTRETRYIGNORE  . . . . . .	Number	 00000002h   
MB_CANCELTRYCONTINUE . . . . . .	Number	 00000006h   
MB_DEFBUTTON1  . . . . . . . . .	Number	 00000000h   
MB_DEFBUTTON2  . . . . . . . . .	Number	 00000100h   
MB_DEFBUTTON3  . . . . . . . . .	Number	 00000200h   
MB_DEFBUTTON4  . . . . . . . . .	Number	 00000300h   
MB_HELP  . . . . . . . . . . . .	Number	 00004000h   
MB_ICONASTERISK  . . . . . . . .	Number	 00000040h   
MB_ICONEXCLAMATION . . . . . . .	Number	 00000030h   
MB_ICONHAND  . . . . . . . . . .	Number	 00000008h   
MB_ICONQUESTION  . . . . . . . .	Number	 00000020h   
MB_ICONSTOP  . . . . . . . . . .	Number	 00000010h   
MB_OKCANCEL  . . . . . . . . . .	Number	 00000001h   
MB_OK  . . . . . . . . . . . . .	Number	 00000000h   
MB_RETRYCANCEL . . . . . . . . .	Number	 00000005h   
MB_RIGHT . . . . . . . . . . . .	Number	 00080000h   
MB_SYSTEMMODAL . . . . . . . . .	Number	 00001000h   
MB_USERICON  . . . . . . . . . .	Number	 00000080h   
MB_YESNOCANCEL . . . . . . . . .	Number	 00000003h   
MB_YESNO . . . . . . . . . . . .	Number	 00000004h   
Magenta  . . . . . . . . . . . .	Number	 00000005h   
MessageBoxIndirect . . . . . . .	Text   	 MessageBoxIndirectA
MessageBox . . . . . . . . . . .	Text   	 MessageBoxA
NULL . . . . . . . . . . . . . .	Number	 00000000h   
NewLine  . . . . . . . . . . . .	Text   	 newline
Newline  . . . . . . . . . . . .	Text   	 newline
New  . . . . . . . . . . . . . .	Text   	 new
N  . . . . . . . . . . . . . . .	Number	 00000006h   
OPEN_ALWAYS  . . . . . . . . . .	Number	 00000004h   
OPEN_EXISTING  . . . . . . . . .	Number	 00000003h   
OutCharLn  . . . . . . . . . . .	Text   	 outcharln
OutCharln  . . . . . . . . . . .	Text   	 outcharln
OutChar  . . . . . . . . . . . .	Text   	 outchar,prompt:VARARG
OutDateLn  . . . . . . . . . . .	Text   	 outdateln
OutDateln  . . . . . . . . . . .	Text   	 outdateln
OutDate  . . . . . . . . . . . .	Text   	 outdate
OutILn . . . . . . . . . . . . .	Text   	 outintln
OutIln . . . . . . . . . . . . .	Text   	 outintln
OutIntLn . . . . . . . . . . . .	Text   	 outintln
OutInt . . . . . . . . . . . . .	Text   	 outint
OutI . . . . . . . . . . . . . .	Text   	 outint
OutNumLn . . . . . . . . . . . .	Text   	 outnumln
OutNumln . . . . . . . . . . . .	Text   	 outnumln
OutNum . . . . . . . . . . . . .	Text   	 outnum
OutStrLn . . . . . . . . . . . .	Text   	 outstrln
OutStr . . . . . . . . . . . . .	Text   	 outstr
OutTimeLn  . . . . . . . . . . .	Text   	 outtimeln
OutTimeln  . . . . . . . . . . .	Text   	 outtimeln
OutTime  . . . . . . . . . . . .	Text   	 outtime
OutULn . . . . . . . . . . . . .	Text   	 outwordln
OutUln . . . . . . . . . . . . .	Text   	 outwordln
OutUnsignedLn  . . . . . . . . .	Text   	 outwordln
OutUnsignedln  . . . . . . . . .	Text   	 outwordln
OutUnsigned  . . . . . . . . . .	Text   	 outword
OutU . . . . . . . . . . . . . .	Text   	 outword
OutWordLn  . . . . . . . . . . .	Text   	 outwordln
OutWord  . . . . . . . . . . . .	Text   	 outword
OutintLn . . . . . . . . . . . .	Text   	 outintln
Outintln . . . . . . . . . . . .	Text   	 outintln
Outint . . . . . . . . . . . . .	Text   	 outint
OutstrLn . . . . . . . . . . . .	Text   	 outstrln
OutwordLn  . . . . . . . . . . .	Text   	 outwordln
Outword  . . . . . . . . . . . .	Text   	 outword
PAGE_EXECUTE_READWRITE . . . . .	Number	 00000040h   
PAGE_EXECUTE_READ  . . . . . . .	Number	 00000020h   
PAGE_EXECUTE_WRITECOPY . . . . .	Number	 00000080h   
PAGE_EXECUTE . . . . . . . . . .	Number	 00000010h   
PAGE_NOACCESS  . . . . . . . . .	Number	 00000001h   
PAGE_READONLY  . . . . . . . . .	Number	 00000002h   
PAGE_READWRITE . . . . . . . . .	Number	 00000004h   
PAGE_WRITECOPY . . . . . . . . .	Number	 00000008h   
Pause  . . . . . . . . . . . . .	Text   	 pause
ReadKey  . . . . . . . . . . . .	Text   	 readkey
Red  . . . . . . . . . . . . . .	Number	 00000004h   
STD_ERROR_HANDLE . . . . . . . .	Number	 -0000000Ch   
STD_INPUT_HANDLE . . . . . . . .	Number	 -0000000Ah   
STD_OUTPUT_HANDLE  . . . . . . .	Number	 -0000000Bh   
SetConsoleTitle  . . . . . . . .	Text   	 SetConsoleTitleA
Start  . . . . . . . . . . . . .	L Near	 000004B1 _TEXT	Public STDCALL
TRUNCATE_EXISTING  . . . . . . .	Number	 00000005h   
URLDownloadToFile  . . . . . . .	Text   	 URLDownloadToFileA
White  . . . . . . . . . . . . .	Number	 0000000Fh   
Yellow . . . . . . . . . . . . .	Number	 0000000Eh   
_imp__printf . . . . . . . . . .	DWord	 00000000 FLAT	External STDCALL
_imp__sprintf  . . . . . . . . .	DWord	 00000000 FLAT	External STDCALL
black  . . . . . . . . . . . . .	Number	 00000000h   
blue . . . . . . . . . . . . . .	Number	 00000001h   
bright . . . . . . . . . . . . .	Number	 00000008h   
brown  . . . . . . . . . . . . .	Number	 00000006h   
chkd . . . . . . . . . . . . . .	L Near	 0000087C _TEXT	
clrscr . . . . . . . . . . . . .	Text   	 ClrScr
cmpcyc . . . . . . . . . . . . .	L Near	 00000FBF _TEXT	
cmpfin . . . . . . . . . . . . .	L Near	 00000FF0 _TEXT	
crt_printf . . . . . . . . . . .	Text   	 _imp__printf
crt_sprintf  . . . . . . . . . .	Text   	 _imp__sprintf
cyan . . . . . . . . . . . . . .	Number	 00000003h   
cyc4fin  . . . . . . . . . . . .	L Near	 00001390 _TEXT	
cyc4 . . . . . . . . . . . . . .	L Near	 00001372 _TEXT	
darkgray . . . . . . . . . . . .	Number	 00000008h   
dos  . . . . . . . . . . . . . .	Text   	 DOS
downloadfile . . . . . . . . . .	Text   	 DownloadFile
falsstr  . . . . . . . . . . . .	Byte	 00000039 _DATA	
gotoxy . . . . . . . . . . . . .	Text   	 gotoXY
green  . . . . . . . . . . . . .	Number	 00000002h   
heapblocksize  . . . . . . . . .	Text   	 HeapBlockSize
incyc  . . . . . . . . . . . . .	L Near	 00000C84 _TEXT	
infin  . . . . . . . . . . . . .	L Near	 00000C99 _TEXT	
inint_proc@0 . . . . . . . . . .	L Near	 00000000 FLAT	External STDCALL
inputstr . . . . . . . . . . . .	Text   	 InputStr
lightblue  . . . . . . . . . . .	Number	 00000009h   
lightgray  . . . . . . . . . . .	Number	 00000007h   
lightgreen . . . . . . . . . . .	Number	 0000000Ah   
lightmagenta . . . . . . . . . .	Number	 0000000Dh   
lightred . . . . . . . . . . . .	Number	 0000000Ch   
magenta  . . . . . . . . . . . .	Number	 00000005h   
nil  . . . . . . . . . . . . . .	DWord 	 00000000h   
ns . . . . . . . . . . . . . . .	L Near	 000010DA _TEXT	
oucyc  . . . . . . . . . . . . .	L Near	 00001631 _TEXT	
oufin  . . . . . . . . . . . . .	L Near	 00001705 _TEXT	
outcyc . . . . . . . . . . . . .	L Near	 00000E32 _TEXT	
outfin . . . . . . . . . . . . .	L Near	 00000F06 _TEXT	
outintLn . . . . . . . . . . . .	Text   	 outintln
outwordLn  . . . . . . . . . . .	Text   	 outwordln
red  . . . . . . . . . . . . . .	Number	 00000004h   
settextattr  . . . . . . . . . .	Text   	 SetTextAttr
step4  . . . . . . . . . . . . .	L Near	 00001370 _TEXT	
stg5 . . . . . . . . . . . . . .	L Near	 0000148C _TEXT	
strou  . . . . . . . . . . . . .	L Near	 00001477 _TEXT	
term . . . . . . . . . . . . . .	L Near	 000017B7 _TEXT	
truestr  . . . . . . . . . . . .	Byte	 00000029 _DATA	
whereX . . . . . . . . . . . . .	Text   	 WhereX
whereY . . . . . . . . . . . . .	Text   	 WhereY
wherex . . . . . . . . . . . . .	Text   	 WhereX
wherey . . . . . . . . . . . . .	Text   	 WhereY
white  . . . . . . . . . . . . .	Number	 0000000Fh   
yellow . . . . . . . . . . . . .	Number	 0000000Eh   

	   0 Warnings
	   0 Errors
